<?xml version="1.0" encoding="UTF-8"?>
<testsuite name="org.example.DivisionByZeroTest" tests="2" skipped="0" failures="0" errors="0" timestamp="2025-05-04T11:02:06.450Z" hostname="LAPTOP-SQ62M694" time="0.002">
  <properties/>
  <testcase name="testDivisionByZeroShouldFail()" classname="org.example.DivisionByZeroTest" time="0.001"/>
  <testcase name="testDivisionByNonZeroShouldPass()" classname="org.example.DivisionByZeroTest" time="0.001"/>
  <system-out><![CDATA[]]></system-out>
  <system-err><![CDATA[]]></system-err>
</testsuite>
