<?xml version="1.0" encoding="UTF-8"?>
<testsuite name="org.example.CalculatorTest" tests="2" skipped="0" failures="0" errors="0" timestamp="2025-05-04T11:02:06.410Z" hostname="LAPTOP-SQ62M694" time="0.005">
  <properties/>
  <testcase name="testAdd()" classname="org.example.CalculatorTest" time="0.003"/>
  <testcase name="testMultiply()" classname="org.example.CalculatorTest" time="0.001"/>
  <system-out><![CDATA[]]></system-out>
  <system-err><![CDATA[]]></system-err>
</testsuite>
