<?xml version="1.0" encoding="UTF-8"?>
<testsuite name="org.example.ComputeTest" tests="6" skipped="0" failures="0" errors="0" timestamp="2025-05-04T11:02:06.419Z" hostname="LAPTOP-SQ62M694" time="0.016">
  <properties/>
  <testcase name="testInvalidOperator()" classname="org.example.ComputeTest" time="0.006"/>
  <testcase name="testMultiplication()" classname="org.example.ComputeTest" time="0.001"/>
  <testcase name="testAddition()" classname="org.example.ComputeTest" time="0.001"/>
  <testcase name="testDivisionByZero()" classname="org.example.ComputeTest" time="0.002"/>
  <testcase name="testDivision()" classname="org.example.ComputeTest" time="0.0"/>
  <testcase name="testSubtraction()" classname="org.example.ComputeTest" time="0.001"/>
  <system-out><![CDATA[]]></system-out>
  <system-err><![CDATA[]]></system-err>
</testsuite>
