<?xml version="1.0" encoding="UTF-8"?>
<testsuite name="org.example.AppTest" tests="1" skipped="0" failures="0" errors="0" timestamp="2025-05-04T11:02:06.367Z" hostname="LAPTOP-SQ62M694" time="0.036">
  <properties/>
  <testcase name="testAdditionOutput()" classname="org.example.AppTest" time="0.036"/>
  <system-out><![CDATA[]]></system-out>
  <system-err><![CDATA[=== CAPTURED OUTPUT (Correct Case) ===
Enter first number: Enter second number: Enter operator (+, -, *, /): Result: 7

]]></system-err>
</testsuite>
